#
# A fatal error has been detected by the Java Runtime Environment:
#
#  EXCEPTION_ACCESS_VIOLATION (0xc0000005) at pc=0x000000005d784e09, pid=4708, tid=2976
#
# JRE version: Java(TM) SE Runtime Environment (7.0_80-b15) (build 1.7.0_80-b15)
# Java VM: Java HotSpot(TM) 64-Bit Server VM (24.80-b11 mixed mode windows-amd64 compressed oops)
# Problematic frame:
# V  [jvm.dll+0xa4e09]
#
# Failed to write core dump. Minidumps are not enabled by default on client versions of Windows
#
# If you would like to submit a bug report, please visit:
#   http://bugreport.java.com/bugreport/crash.jsp
#

---------------  T H R E A D  ---------------

Current thread (0x000000000168d800):  JavaThread "main" [_thread_in_vm, id=2976, stack(0x0000000002e90000,0x0000000002f90000)]

siginfo: ExceptionCode=0xc0000005, reading address 0x0000000000000010

Registers:
RAX=0x0000000000000008, RBX=0x0000000000000000, RCX=0x000000000168e1d8, RDX=0x000000000168e180
RSP=0x0000000002f8e2f0, RBP=0x000000000168e188, RSI=0x000000000168e1c8, RDI=0x000000000168e1d0
R8 =0x000000077b1326d8, R9 =0x000000000000006b, R10=0x000000077b1326d8, R11=0x000000000168e190
R12=0x000000000168d800, R13=0x0000000000000015, R14=0x00000000033aac10, R15=0x00000000033aae30
RIP=0x000000005d784e09, EFLAGS=0x0000000000010202

Top of Stack: (sp=0x0000000002f8e2f0)
0x0000000002f8e2f0:   0000000000000000 0000000000000000
0x0000000002f8e300:   0000000000000001 0000000000000000
0x0000000002f8e310:   000000000d32ae01 000000000d32ae00
0x0000000002f8e320:   000000000168d800 000000005d760bef
0x0000000002f8e330:   000000005dc56208 000000000d32ae00
0x0000000002f8e340:   00000000000000b6 000000000168dd00
0x0000000002f8e350:   000000077b1336ff 0000000000000000
0x0000000002f8e360:   000000000168e180 000000000168d800
0x0000000002f8e370:   0000000002f8e459 000000005d78507c
0x0000000002f8e380:   0000000002f8e420 000000000168e180
0x0000000002f8e390:   000000000168e188 0000000700000000
0x0000000002f8e3a0:   000000000168d800 0000000002f8e4f0
0x0000000002f8e3b0:   000000000168e180 000000005d77f77b
0x0000000002f8e3c0:   00000000033aae30 0000000002f8e459
0x0000000002f8e3d0:   000000000168e1b0 0000000002f8e4f0
0x0000000002f8e3e0:   4052d0a3000000b6 000000000168d800 

Instructions: (pc=0x000000005d784e09)
0x000000005d784de9:   24 08 0f 85 82 00 00 00 48 8b 94 24 98 00 00 00
0x000000005d784df9:   48 85 d2 74 44 38 1d 0c 54 6b 00 48 8b 02 74 15
0x000000005d784e09:   8b 40 08 8b 0d a6 5a 65 00 48 d3 e0 48 03 05 94
0x000000005d784e19:   5a 65 00 eb 04 48 8b 40 08 48 85 c0 74 1b 49 8b 


Register to memory mapping:

RAX=0x0000000000000008 is an unknown value
RBX=0x0000000000000000 is an unknown value
RCX=0x000000000168e1d8 is an unknown value
RDX=0x000000000168e180 is an unknown value
RSP=0x0000000002f8e2f0 is pointing into the stack for thread: 0x000000000168d800
RBP=0x000000000168e188 is an unknown value
RSI=0x000000000168e1c8 is an unknown value
RDI=0x000000000168e1d0 is an unknown value
R8 =0x000000077b1326d8 is an oop
{constant pool} 
 - klass: {other class}
 - holder: 0x000000077b133860
 - cache: 0x000000077b1ef160
 -   1 :  : 'com/jfireframework/mvc/NewBinderTest'
 -   2 :  : 'com/jfireframework/mvc/NewBinderTest'
 -   3 :  : 'java/lang/Object' {0x7ae02bb0}
 -   4 :  : 'java/lang/Object'
 -   5 :  : '<init>'
 -   6 :  : '()V'
 -   7 :  : 'Code'
 -   8 :  : klass_index=3 name_and_type_index=9
 -   9 :  : name_index=5 signature_index=6
 -  10 :  : 'LineNumberTable'
 -  11 :  : 'LocalVariableTable'
 -  12 :  : 'this'
 -  13 :  : 'Lcom/jfireframework/mvc/NewBinderTest;'
 -  14 :  : 'test'
 -  15 :  : 'RuntimeVisibleAnnotations'
 -  16 :  : 'Lorg/junit/Test;'
 -  17 :  : 'com/jfireframework/mvc/newbinder/TreeValueNode' {0x7b24b8c8}
 -  18 :  : 'com/jfireframework/mvc/newbinder/TreeValueNode'
 -  19 :  : klass_index=17 name_and_type_index=9
 -  20 :  : "foo[bar][numbers][]" {0xd5a40a88}
 -  21 :  : 'foo[bar][numbers][]'
 -  22 :  : "1" {0xd59ec0b0}
 -  23 :  : '1'
 -  24 :  : klass_index=17 name_and_type_index=25
 -  25 :  : name_index=26 signature_index=27
 -  26 :  : 'put'
 -  27 :  : '(Ljava/lang/String;Ljava/lang/String;)V'
 -  28 :  : "2" {0xd5a40ad8}
 -  29 :  : '2'
 -  30 :  : "3" {0xd5a40b08}
 -  31 :  : '3'
 -  32 :  : "foo[id]" {0xd5a40b38}
 -  33 :  : 'foo[id]'
 -  34 :  : "foo01" {0xd5a40b70}
 -  35 :  : 'foo01'
 -  36 :  : "foo[bar][id]" {0xd5a40ba8}
 -  37 :  : 'foo[bar][id]'
 -  38 :  : "bar01" {0xd5a40be8}
 -  39 :  : 'bar01'
 -  40 :  : "foo[barsMap][bar02][id]" {0xd5a40c20}
 -  41 :  : 'foo[barsMap][bar02][id]'
 -  42 :  : "19" {0xd5a40c78}
 -  43 :  : '19'
 -  44 :  : "foo[barsMap][bar02][numbers][]" {0xd5a40ca8}
 -  45 :  : 'foo[barsMap][bar02][numbers][]'
 -  46 :  : "foo[barsMap][bar03][id]" {0xd5a40d10}
 -  47 :  : 'foo[barsMap][bar03][id]'
 -  48 :  : "foo[barsMap][bar03][numbers][]" {0xd5a40d68}
 -  49 :  : 'foo[barsMap][bar03][numbers][]'
 -  50 :  : klass_index=51 name_and_type_index=53
 -  51 :  : 'java/lang/System'
 -  52 :  : 'java/lang/System'
 -  53 :  : name_index=54 signature_index=55
 -  54 :  : 'out'
 -  55 :  : 'Ljava/io/PrintStream;'
 -  56 :  : klass_index=57 name_and_type_index=59
 -  57 :  : 'com/jfireframework/codejson/JsonTool'
 -  58 :  : 'com/jfireframework/codejson/JsonTool'
 -  59 :  : name_index=60 signature_index=61
 -  60 :  : 'write'
 -  61 :  : '(Ljava/lang/Object;)Ljava/lang/String;'
 -  62 :  : klass_index=63 name_and_type_index=65
 -  63 :  : 'java/io/PrintStream'
 -  64 :  : 'java/io/PrintStream'
 -  65 :  : name_index=66 signature_index=67
 -  66 :  : 'println'
 -  67 :  : '(Ljava/lang/String;)V'
 -  68 :  : 'paramTree'
 -  69 :  : 'Lcom/jfireframework/mvc/newbinder/TreeValueNode;'
 -  70 :  : 'test2'
 -  71 :  : 'com/jfireframework/mvc/newbinder/impl/ObjectDataBinder' {0x7b24d428}
 -  72 :  : 'com/jfireframework/mvc/newbinder/impl/ObjectDataBinder'
 -  73 :  : 'com/jfireframework/mvc/vo/Desk'
 -  74 :  : 'com/jfireframework/mvc/vo/Desk'
 -  75 :  : "" {0xd5506518}
 -  76 :  : ''
 -  77 :  : klass_index=71 name_and_type_index=78
 -  78 :  : name_index=5 signature_index=79
 -  79 :  : '(Ljava/lang/Class;Ljava/lang/String;)V'
 -  80 :  : "name" {0xd55106c8}
 -  81 :  : 'name'
 -  82 :  : "hello" {0xd5a40dd0}
 -  83 :  : 'hello'
 -  84 :  : "width" {0xd59ec640}
 -  85 :  : 'width'
 -  86 :  : "20" {0xd5a40e08}
 -  87 :  : '20'
 -  88 :  : klass_index=71 name_and_type_index=89
 -  89 :  : name_index=90 signature_index=91
 -  90 :  : 'binder'
 -  91 :  : '(Ljavax/servlet/http/HttpServletRequest;Lcom/jfireframework/mvc/newbinder/TreeValueNode;Ljavax/servlet/http/HttpServletResponse;)Ljava/lang/Object;'
 -  92 :  : klass_index=73 name_and_type_index=93
 -  93 :  : name_index=94 signature_index=95
 -  94 :  : 'getName'
 -  95 :  : '()Ljava/lang/String;'
 -  96 :  : klass_index=97 name_and_type_index=99
 -  97 :  : 'org/junit/Assert' {0x7b234bd8}
 -  98 :  : 'org/junit/Assert'
 -  99 :  : name_index=100 signature_index=101
 - 100 :  : 'assertEquals'
 - 101 :  : '(Ljava/lang/Object;Ljava/lang/Object;)V'
 - 102 :  : 20
 - 104 :  : klass_index=73 name_and_type_index=105
 - 105 :  : name_index=106 signature_index=107
 - 106 :  : 'getWidth'
 - 107 :  : '()I'
 - 108 :  : klass_index=97 name_and_type_index=109
 - 109 :  : name_index=100 signature_index=110
 - 110 :  : '(JJ)V'
 - 111 :  : "desk" {0xd5a40e38}
 - 112 :  : 'desk'
 - 113 :  : klass_index=17 name_and_type_index=114
 - 114 :  : name_index=115 signature_index=6
 - 115 :  : 'clear'
 - 116 :  : "desk[name]" {0xd5a40e68}
 - 117 :  : 'desk[name]'
 - 118 :  : "desk[width]" {0xd5a40ea8}
 - 119 :  : 'desk[width]'
 - 120 :  : 'Lcom/jfireframework/mvc/newbinder/impl/ObjectDataBinder;'
 - 121 :  : 'Lcom/jfireframework/mvc/vo/Desk;'
 - 122 :  : 'test3'
 - 123 :  : 'com/jfireframework/mvc/vo/Person' {0x7b25fdb8}
 - 124 :  : 'com/jfireframework/mvc/vo/Person'
 - 125 :  : "age" {0xd5a299f8}
 - 126 :  : 'age'
 - 127 :  : "15" {0xd5a40ee8}
 - 128 :  : '15'
 - 129 :  : "test" {0xd5922f80}
 - 130 :  : "weight" {0xd5a29a70}
 - 131 :  : 'weight'
 - 132 :  : "15.36" {0xd5a40f18}
 - 133 :  : '15.36'
 - 134 :  : "ids[0]" {0xd5a40f50}
 - 135 :  : 'ids[0]'
 - 136 :  : "ids[1]" {0xd5a40f88}
 - 137 :  : 'ids[1]'
 - 138 :  : "ids[2]" {0xd5a40fc0}
 - 139 :  : 'ids[2]'
 - 140 :  : 15
 - 142 :  : klass_index=123 name_and_type_index=143
 - 143 :  : name_index=144 signature_index=107
 - 144 :  : 'getAge'
 - 145 :  : klass_index=123 name_and_type_index=93
 - 146 :  : 15.360000
 - 148 :  : klass_index=123 name_and_type_index=149
 - 149 :  : name_index=150 signature_index=151
 - 150 :  : 'getWeight'
 - 151 :  : '()F'
 - 152 :  : 0.000100
 - 154 :  : klass_index=97 name_and_type_index=155
 - 155 :  : name_index=100 signature_index=156
 - 156 :  : '(DDD)V'
 - 157 :  : klass_index=123 name_and_type_index=158
 - 158 :  : name_index=159 signature_index=160
 - 159 :  : 'getIds'
 - 160 :  : '()[Ljava/lang/Integer;'
 - 161 :  : 'java/lang/Integer' {0x7aea4ca0}
 - 162 :  : 'java/lang/Integer'
 - 163 :  : klass_index=161 name_and_type_index=164
 - 164 :  : name_index=165 signature_index=166
 - 165 :  : 'valueOf'
 - 166 :  : '(I)Ljava/lang/Integer;'
 - 167 :  : klass_index=97 name_and_type_index=168
 - 168 :  : name_index=169 signature_index=170
 - 169 :  : 'assertArrayEquals'
 - 170 :  : '([Ljava/lang/Object;[Ljava/lang/Object;)V'
 - 171 :  : 'node'
 - 172 :  : 'person'
 - 173 :  : 'Lcom/jfireframework/mvc/vo/Person;'
 - 174 :  : 'ids'
 - 175 :  : '[Ljava/lang/Integer;'
 - 176 :  : 'test4'
 - 177 :  : "host[name]" {0xd59e9878}
 - 178 :  : 'host[name]'
 - 179 :  : "—Œ" {0xd59e98b8}
 - 180 :  : 'æž—æ–Œ'
 - 181 :  : "host[age]" {0xd59ebdf0}
 - 182 :  : 'host[age]'
 - 183 :  : "25" {0xd59ebe30}
 - 184 :  : '25'
 - 185 :  : "host[weight]" {0xd59ebf28}
 - 186 :  : 'host[weight]'
 - 187 :  : "75.26" {0xd59ebf68}
 - 188 :  : '75.26'
 - 189 :  : "host[ids][0]" {0xd59ec070}
 - 190 :  : 'host[ids][0]'
 - 191 :  : "host[ids][1]" {0xd59ec2a8}
 - 192 :  : 'host[ids][1]'
 - 193 :  : "10" {0xd59ec2e8}
 - 194 :  : '10'
 - 195 :  : "host[ids][3]" {0xd59ec440}
 - 196 :  : 'host[ids][3]'
 - 197 :  : "100" {0xd59ec480}
 - 198 :  : '100'
 - 199 :  : "length" {0xd59ec5d8}
 - 200 :  : 'length'
 - 201 :  : "50" {0xd59ec678}
 - 202 :  : '50'
 - 203 :  : "desks[0].name" {0xd59ec6d8}
 - 204 :  : 'desks[0].name'
 - 205 :  : "desk1" {0xd59ec720}
 - 206 :  : 'desk1'
 - 207 :  : "desks[0].width" {0xd59ec9a0}
 - 208 :  : 'desks[0].width'
 - 209 :  : "11" {0xd59ec9e8}
 - 210 :  : '11'
 - 211 :  : "desks[1].name" {0xd59ecb28}
 - 212 :  : 'desks[1].name'
 - 213 :  : "desk2" {0xd59ecb70}
 - 214 :  : 'desk2'
 - 215 :  : "desks[1].width" {0xd59ecd50}
 - 216 :  : 'desks[1].width'
 - 217 :  : "12" {0xd59ecd98}
 - 218 :  : '12'
 - 219 :  : 'com/jfireframework/mvc/vo/Home' {0x7b24f1d8}
 - 220 :  : 'com/jfireframework/mvc/vo/Home'
 - 221 :  : klass_index=219 name_and_type_index=222
 - 222 :  : name_index=223 signature_index=224
 - 223 :  : 'getHost'
 - 224 :  : '()Lcom/jfireframework/mvc/vo/Person;'
 - 225 :  : 25
 - 227 :  : 75.260000
 - 229 :  : 0.001000
 - 231 :  : klass_index=161 name_and_type_index=232
 - 232 :  : name_index=233 signature_index=107
 - 233 :  : 'intValue'
 - 234 :  : 10
 - 236 :  : 100
 - 238 :  : klass_index=219 name_and_type_index=239
 - 239 :  : name_index=240 signature_index=241
 - 240 :  : 'getDesks'
 - 241 :  : '()[Lcom/jfireframework/mvc/vo/Desk;'
 - 242 :  : 11
 - 244 :  : 12
 - 246 :  : 'map'
 - 247 :  : 'home'
 - 248 :  : 'Lcom/jfireframework/mvc/vo/Home;'
 - 249 :  : 'desks'
 - 250 :  : '[Lcom/jfireframework/mvc/vo/Desk;'
 - 251 :  : 'SourceFile'
 - 252 :  : 'NewBinderTest.java'

R9 =0x000000000000006b is an unknown value
R10=0x000000077b1326d8 is an oop
{constant pool} 
 - klass: {other class}
 - holder: 0x000000077b133860
 - cache: 0x000000077b1ef160
 -   1 :  : 'com/jfireframework/mvc/NewBinderTest'
 -   2 :  : 'com/jfireframework/mvc/NewBinderTest'
 -   3 :  : 'java/lang/Object' {0x7ae02bb0}
 -   4 :  : 'java/lang/Object'
 -   5 :  : '<init>'
 -   6 :  : '()V'
 -   7 :  : 'Code'
 -   8 :  : klass_index=3 name_and_type_index=9
 -   9 :  : name_index=5 signature_index=6
 -  10 :  : 'LineNumberTable'
 -  11 :  : 'LocalVariableTable'
 -  12 :  : 'this'
 -  13 :  : 'Lcom/jfireframework/mvc/NewBinderTest;'
 -  14 :  : 'test'
 -  15 :  : 'RuntimeVisibleAnnotations'
 -  16 :  : 'Lorg/junit/Test;'
 -  17 :  : 'com/jfireframework/mvc/newbinder/TreeValueNode' {0x7b24b8c8}
 -  18 :  : 'com/jfireframework/mvc/newbinder/TreeValueNode'
 -  19 :  : klass_index=17 name_and_type_index=9
 -  20 :  : "foo[bar][numbers][]" {0xd5a40a88}
 -  21 :  : 'foo[bar][numbers][]'
 -  22 :  : "1" {0xd59ec0b0}
 -  23 :  : '1'
 -  24 :  : klass_index=17 name_and_type_index=25
 -  25 :  : name_index=26 signature_index=27
 -  26 :  : 'put'
 -  27 :  : '(Ljava/lang/String;Ljava/lang/String;)V'
 -  28 :  : "2" {0xd5a40ad8}
 -  29 :  : '2'
 -  30 :  : "3" {0xd5a40b08}
 -  31 :  : '3'
 -  32 :  : "foo[id]" {0xd5a40b38}
 -  33 :  : 'foo[id]'
 -  34 :  : "foo01" {0xd5a40b70}
 -  35 :  : 'foo01'
 -  36 :  : "foo[bar][id]" {0xd5a40ba8}
 -  37 :  : 'foo[bar][id]'
 -  38 :  : "bar01" {0xd5a40be8}
 -  39 :  : 'bar01'
 -  40 :  : "foo[barsMap][bar02][id]" {0xd5a40c20}
 -  41 :  : 'foo[barsMap][bar02][id]'
 -  42 :  : "19" {0xd5a40c78}
 -  43 :  : '19'
 -  44 :  : "foo[barsMap][bar02][numbers][]" {0xd5a40ca8}
 -  45 :  : 'foo[barsMap][bar02][numbers][]'
 -  46 :  : "foo[barsMap][bar03][id]" {0xd5a40d10}
 -  47 :  : 'foo[barsMap][bar03][id]'
 -  48 :  : "foo[barsMap][bar03][numbers][]" {0xd5a40d68}
 -  49 :  : 'foo[barsMap][bar03][numbers][]'
 -  50 :  : klass_index=51 name_and_type_index=53
 -  51 :  : 'java/lang/System'
 -  52 :  : 'java/lang/System'
 -  53 :  : name_index=54 signature_index=55
 -  54 :  : 'out'
 -  55 :  : 'Ljava/io/PrintStream;'
 -  56 :  : klass_index=57 name_and_type_index=59
 -  57 :  : 'com/jfireframework/codejson/JsonTool'
 -  58 :  : 'com/jfireframework/codejson/JsonTool'
 -  59 :  : name_index=60 signature_index=61
 -  60 :  : 'write'
 -  61 :  : '(Ljava/lang/Object;)Ljava/lang/String;'
 -  62 :  : klass_index=63 name_and_type_index=65
 -  63 :  : 'java/io/PrintStream'
 -  64 :  : 'java/io/PrintStream'
 -  65 :  : name_index=66 signature_index=67
 -  66 :  : 'println'
 -  67 :  : '(Ljava/lang/String;)V'
 -  68 :  : 'paramTree'
 -  69 :  : 'Lcom/jfireframework/mvc/newbinder/TreeValueNode;'
 -  70 :  : 'test2'
 -  71 :  : 'com/jfireframework/mvc/newbinder/impl/ObjectDataBinder' {0x7b24d428}
 -  72 :  : 'com/jfireframework/mvc/newbinder/impl/ObjectDataBinder'
 -  73 :  : 'com/jfireframework/mvc/vo/Desk'
 -  74 :  : 'com/jfireframework/mvc/vo/Desk'
 -  75 :  : "" {0xd5506518}
 -  76 :  : ''
 -  77 :  : klass_index=71 name_and_type_index=78
 -  78 :  : name_index=5 signature_index=79
 -  79 :  : '(Ljava/lang/Class;Ljava/lang/String;)V'
 -  80 :  : "name" {0xd55106c8}
 -  81 :  : 'name'
 -  82 :  : "hello" {0xd5a40dd0}
 -  83 :  : 'hello'
 -  84 :  : "width" {0xd59ec640}
 -  85 :  : 'width'
 -  86 :  : "20" {0xd5a40e08}
 -  87 :  : '20'
 -  88 :  : klass_index=71 name_and_type_index=89
 -  89 :  : name_index=90 signature_index=91
 -  90 :  : 'binder'
 -  91 :  : '(Ljavax/servlet/http/HttpServletRequest;Lcom/jfireframework/mvc/newbinder/TreeValueNode;Ljavax/servlet/http/HttpServletResponse;)Ljava/lang/Object;'
 -  92 :  : klass_index=73 name_and_type_index=93
 -  93 :  : name_index=94 signature_index=95
 -  94 :  : 'getName'
 -  95 :  : '()Ljava/lang/String;'
 -  96 :  : klass_index=97 name_and_type_index=99
 -  97 :  : 'org/junit/Assert' {0x7b234bd8}
 -  98 :  : 'org/junit/Assert'
 -  99 :  : name_index=100 signature_index=101
 - 100 :  : 'assertEquals'
 - 101 :  : '(Ljava/lang/Object;Ljava/lang/Object;)V'
 - 102 :  : 20
 - 104 :  : klass_index=73 name_and_type_index=105
 - 105 :  : name_index=106 signature_index=107
 - 106 :  : 'getWidth'
 - 107 :  : '()I'
 - 108 :  : klass_index=97 name_and_type_index=109
 - 109 :  : name_index=100 signature_index=110
 - 110 :  : '(JJ)V'
 - 111 :  : "desk" {0xd5a40e38}
 - 112 :  : 'desk'
 - 113 :  : klass_index=17 name_and_type_index=114
 - 114 :  : name_index=115 signature_index=6
 - 115 :  : 'clear'
 - 116 :  : "desk[name]" {0xd5a40e68}
 - 117 :  : 'desk[name]'
 - 118 :  : "desk[width]" {0xd5a40ea8}
 - 119 :  : 'desk[width]'
 - 120 :  : 'Lcom/jfireframework/mvc/newbinder/impl/ObjectDataBinder;'
 - 121 :  : 'Lcom/jfireframework/mvc/vo/Desk;'
 - 122 :  : 'test3'
 - 123 :  : 'com/jfireframework/mvc/vo/Person' {0x7b25fdb8}
 - 124 :  : 'com/jfireframework/mvc/vo/Person'
 - 125 :  : "age" {0xd5a299f8}
 - 126 :  : 'age'
 - 127 :  : "15" {0xd5a40ee8}
 - 128 :  : '15'
 - 129 :  : "test" {0xd5922f80}
 - 130 :  : "weight" {0xd5a29a70}
 - 131 :  : 'weight'
 - 132 :  : "15.36" {0xd5a40f18}
 - 133 :  : '15.36'
 - 134 :  : "ids[0]" {0xd5a40f50}
 - 135 :  : 'ids[0]'
 - 136 :  : "ids[1]" {0xd5a40f88}
 - 137 :  : 'ids[1]'
 - 138 :  : "ids[2]" {0xd5a40fc0}
 - 139 :  : 'ids[2]'
 - 140 :  : 15
 - 142 :  : klass_index=123 name_and_type_index=143
 - 143 :  : name_index=144 signature_index=107
 - 144 :  : 'getAge'
 - 145 :  : klass_index=123 name_and_type_index=93
 - 146 :  : 15.360000
 - 148 :  : klass_index=123 name_and_type_index=149
 - 149 :  : name_index=150 signature_index=151
 - 150 :  : 'getWeight'
 - 151 :  : '()F'
 - 152 :  : 0.000100
 - 154 :  : klass_index=97 name_and_type_index=155
 - 155 :  : name_index=100 signature_index=156
 - 156 :  : '(DDD)V'
 - 157 :  : klass_index=123 name_and_type_index=158
 - 158 :  : name_index=159 signature_index=160
 - 159 :  : 'getIds'
 - 160 :  : '()[Ljava/lang/Integer;'
 - 161 :  : 'java/lang/Integer' {0x7aea4ca0}
 - 162 :  : 'java/lang/Integer'
 - 163 :  : klass_index=161 name_and_type_index=164
 - 164 :  : name_index=165 signature_index=166
 - 165 :  : 'valueOf'
 - 166 :  : '(I)Ljava/lang/Integer;'
 - 167 :  : klass_index=97 name_and_type_index=168
 - 168 :  : name_index=169 signature_index=170
 - 169 :  : 'assertArrayEquals'
 - 170 :  : '([Ljava/lang/Object;[Ljava/lang/Object;)V'
 - 171 :  : 'node'
 - 172 :  : 'person'
 - 173 :  : 'Lcom/jfireframework/mvc/vo/Person;'
 - 174 :  : 'ids'
 - 175 :  : '[Ljava/lang/Integer;'
 - 176 :  : 'test4'
 - 177 :  : "host[name]" {0xd59e9878}
 - 178 :  : 'host[name]'
 - 179 :  : "—Œ" {0xd59e98b8}
 - 180 :  : 'æž—æ–Œ'
 - 181 :  : "host[age]" {0xd59ebdf0}
 - 182 :  : 'host[age]'
 - 183 :  : "25" {0xd59ebe30}
 - 184 :  : '25'
 - 185 :  : "host[weight]" {0xd59ebf28}
 - 186 :  : 'host[weight]'
 - 187 :  : "75.26" {0xd59ebf68}
 - 188 :  : '75.26'
 - 189 :  : "host[ids][0]" {0xd59ec070}
 - 190 :  : 'host[ids][0]'
 - 191 :  : "host[ids][1]" {0xd59ec2a8}
 - 192 :  : 'host[ids][1]'
 - 193 :  : "10" {0xd59ec2e8}
 - 194 :  : '10'
 - 195 :  : "host[ids][3]" {0xd59ec440}
 - 196 :  : 'host[ids][3]'
 - 197 :  : "100" {0xd59ec480}
 - 198 :  : '100'
 - 199 :  : "length" {0xd59ec5d8}
 - 200 :  : 'length'
 - 201 :  : "50" {0xd59ec678}
 - 202 :  : '50'
 - 203 :  : "desks[0].name" {0xd59ec6d8}
 - 204 :  : 'desks[0].name'
 - 205 :  : "desk1" {0xd59ec720}
 - 206 :  : 'desk1'
 - 207 :  : "desks[0].width" {0xd59ec9a0}
 - 208 :  : 'desks[0].width'
 - 209 :  : "11" {0xd59ec9e8}
 - 210 :  : '11'
 - 211 :  : "desks[1].name" {0xd59ecb28}
 - 212 :  : 'desks[1].name'
 - 213 :  : "desk2" {0xd59ecb70}
 - 214 :  : 'desk2'
 - 215 :  : "desks[1].width" {0xd59ecd50}
 - 216 :  : 'desks[1].width'
 - 217 :  : "12" {0xd59ecd98}
 - 218 :  : '12'
 - 219 :  : 'com/jfireframework/mvc/vo/Home' {0x7b24f1d8}
 - 220 :  : 'com/jfireframework/mvc/vo/Home'
 - 221 :  : klass_index=219 name_and_type_index=222
 - 222 :  : name_index=223 signature_index=224
 - 223 :  : 'getHost'
 - 224 :  : '()Lcom/jfireframework/mvc/vo/Person;'
 - 225 :  : 25
 - 227 :  : 75.260000
 - 229 :  : 0.001000
 - 231 :  : klass_index=161 name_and_type_index=232
 - 232 :  : name_index=233 signature_index=107
 - 233 :  : 'intValue'
 - 234 :  : 10
 - 236 :  : 100
 - 238 :  : klass_index=219 name_and_type_index=239
 - 239 :  : name_index=240 signature_index=241
 - 240 :  : 'getDesks'
 - 241 :  : '()[Lcom/jfireframework/mvc/vo/Desk;'
 - 242 :  : 11
 - 244 :  : 12
 - 246 :  : 'map'
 - 247 :  : 'home'
 - 248 :  : 'Lcom/jfireframework/mvc/vo/Home;'
 - 249 :  : 'desks'
 - 250 :  : '[Lcom/jfireframework/mvc/vo/Desk;'
 - 251 :  : 'SourceFile'
 - 252 :  : 'NewBinderTest.java'

R11=0x000000000168e190 is an unknown value
R12=0x000000000168d800 is a thread
R13=0x0000000000000015 is an unknown value
R14=0x00000000033aac10 is an unknown value
R15=0x00000000033aae30 is an unknown value


Stack: [0x0000000002e90000,0x0000000002f90000],  sp=0x0000000002f8e2f0,  free space=1016k
Native frames: (J=compiled Java code, j=interpreted, Vv=VM code, C=native code)
V  [jvm.dll+0xa4e09]

Java frames: (J=compiled Java code, j=interpreted, Vv=VM code)
j  com.jfireframework.mvc.NewBinderTest.test4()V+183
v  ~StubRoutines::call_stub
j  sun.reflect.NativeMethodAccessorImpl.invoke0(Ljava/lang/reflect/Method;Ljava/lang/Object;[Ljava/lang/Object;)Ljava/lang/Object;+0
j  sun.reflect.NativeMethodAccessorImpl.invoke(Ljava/lang/Object;[Ljava/lang/Object;)Ljava/lang/Object;+87
j  sun.reflect.DelegatingMethodAccessorImpl.invoke(Ljava/lang/Object;[Ljava/lang/Object;)Ljava/lang/Object;+6
j  java.lang.reflect.Method.invoke(Ljava/lang/Object;[Ljava/lang/Object;)Ljava/lang/Object;+57
j  org.junit.runners.model.FrameworkMethod$1.runReflectiveCall()Ljava/lang/Object;+15
j  org.junit.internal.runners.model.ReflectiveCallable.run()Ljava/lang/Object;+1
j  org.junit.runners.model.FrameworkMethod.invokeExplosively(Ljava/lang/Object;[Ljava/lang/Object;)Ljava/lang/Object;+10
j  org.junit.internal.runners.statements.InvokeMethod.evaluate()V+12
j  org.junit.runners.ParentRunner.runLeaf(Lorg/junit/runners/model/Statement;Lorg/junit/runner/Description;Lorg/junit/runner/notification/RunNotifier;)V+17
j  org.junit.runners.BlockJUnit4ClassRunner.runChild(Lorg/junit/runners/model/FrameworkMethod;Lorg/junit/runner/notification/RunNotifier;)V+32
j  org.junit.runners.BlockJUnit4ClassRunner.runChild(Ljava/lang/Object;Lorg/junit/runner/notification/RunNotifier;)V+6
j  org.junit.runners.ParentRunner$3.run()V+12
j  org.junit.runners.ParentRunner$1.schedule(Ljava/lang/Runnable;)V+1
j  org.junit.runners.ParentRunner.runChildren(Lorg/junit/runner/notification/RunNotifier;)V+40
j  org.junit.runners.ParentRunner.access$000(Lorg/junit/runners/ParentRunner;Lorg/junit/runner/notification/RunNotifier;)V+2
j  org.junit.runners.ParentRunner$2.evaluate()V+8
j  org.junit.runners.ParentRunner.run(Lorg/junit/runner/notification/RunNotifier;)V+20
j  org.eclipse.jdt.internal.junit4.runner.JUnit4TestReference.run(Lorg/eclipse/jdt/internal/junit/runner/TestExecution;)V+72
j  org.eclipse.jdt.internal.junit.runner.TestExecution.run([Lorg/eclipse/jdt/internal/junit/runner/ITestReference;)V+17
j  org.eclipse.jdt.internal.junit.runner.RemoteTestRunner.runTests([Ljava/lang/String;Ljava/lang/String;Lorg/eclipse/jdt/internal/junit/runner/TestExecution;)V+61
j  org.eclipse.jdt.internal.junit.runner.RemoteTestRunner.runTests(Lorg/eclipse/jdt/internal/junit/runner/TestExecution;)V+10
j  org.eclipse.jdt.internal.junit.runner.RemoteTestRunner.run()V+70
j  org.eclipse.jdt.internal.junit.runner.RemoteTestRunner.main([Ljava/lang/String;)V+14
v  ~StubRoutines::call_stub

---------------  P R O C E S S  ---------------

Java Threads: ( => current thread )
  0x000000000d329000 JavaThread "ReaderThread" [_thread_in_native, id=5136, stack(0x000000000d5b0000,0x000000000d6b0000)]
  0x000000000b864800 JavaThread "Service Thread" daemon [_thread_blocked, id=5268, stack(0x000000000cfb0000,0x000000000d0b0000)]
  0x000000000b861000 JavaThread "C2 CompilerThread1" daemon [_thread_blocked, id=3728, stack(0x000000000ceb0000,0x000000000cfb0000)]
  0x000000000b85e000 JavaThread "C2 CompilerThread0" daemon [_thread_blocked, id=5396, stack(0x000000000cdb0000,0x000000000ceb0000)]
  0x000000000b85d000 JavaThread "Attach Listener" daemon [_thread_blocked, id=1988, stack(0x000000000ccb0000,0x000000000cdb0000)]
  0x000000000b85a000 JavaThread "Signal Dispatcher" daemon [_thread_blocked, id=3924, stack(0x000000000cbb0000,0x000000000ccb0000)]
  0x000000000b80e800 JavaThread "Finalizer" daemon [_thread_blocked, id=4288, stack(0x000000000cab0000,0x000000000cbb0000)]
  0x000000000b804800 JavaThread "Reference Handler" daemon [_thread_blocked, id=5920, stack(0x000000000c9b0000,0x000000000cab0000)]
=>0x000000000168d800 JavaThread "main" [_thread_in_vm, id=2976, stack(0x0000000002e90000,0x0000000002f90000)]

Other Threads:
  0x000000000b800800 VMThread [stack: 0x000000000c8b0000,0x000000000c9b0000] [id=1712]
  0x000000000b88f000 WatcherThread [stack: 0x000000000d0b0000,0x000000000d1b0000] [id=2556]

VM state:not at safepoint (normal execution)

VM Mutex/Monitor currently owned by a thread: None

Heap
 PSYoungGen      total 38912K, used 5410K [0x00000007d5500000, 0x00000007d8000000, 0x0000000800000000)
  eden space 33792K, 16% used [0x00000007d5500000,0x00000007d5a48978,0x00000007d7600000)
  from space 5120K, 0% used [0x00000007d7b00000,0x00000007d7b00000,0x00000007d8000000)
  to   space 5120K, 0% used [0x00000007d7600000,0x00000007d7600000,0x00000007d7b00000)
 ParOldGen       total 87040K, used 0K [0x0000000780000000, 0x0000000785500000, 0x00000007d5500000)
  object space 87040K, 0% used [0x0000000780000000,0x0000000780000000,0x0000000785500000)
 PSPermGen       total 21504K, used 4532K [0x000000077ae00000, 0x000000077c300000, 0x0000000780000000)
  object space 21504K, 21% used [0x000000077ae00000,0x000000077b26d140,0x000000077c300000)

Card table byte_map: [0x0000000006520000,0x0000000006950000] byte_map_base: 0x0000000002949000

Polling page: 0x0000000001720000

Code Cache  [0x0000000003460000, 0x00000000036d0000, 0x0000000006460000)
 total_blobs=242 nmethods=20 adapters=176 free_code_cache=48719Kb largest_free_block=49871168

Compilation events (10 events):
Event: 0.171 Thread 0x000000000b861000   15             sun.net.www.ParseUtil::encodePath (336 bytes)
Event: 0.172 Thread 0x000000000b85e000   16             java.lang.String::startsWith (72 bytes)
Event: 0.175 Thread 0x000000000b85e000 nmethod 16 0x00000000034c7e50 code [0x00000000034c7fa0, 0x00000000034c8178]
Event: 0.181 Thread 0x000000000b861000 nmethod 15 0x00000000034cbc90 code [0x00000000034cbe40, 0x00000000034cc6e0]
Event: 0.188 Thread 0x000000000b85e000   17             java.lang.Object::<init> (1 bytes)
Event: 0.188 Thread 0x000000000b85e000 nmethod 17 0x00000000034cd390 code [0x00000000034cd4c0, 0x00000000034cd558]
Event: 0.216 Thread 0x000000000b861000   19             java.lang.String::equals (81 bytes)
Event: 0.219 Thread 0x000000000b861000 nmethod 19 0x00000000034ce810 code [0x00000000034ce960, 0x00000000034cebd8]
Event: 0.230 Thread 0x000000000b85e000   20             java.lang.AbstractStringBuilder::ensureCapacityInternal (16 bytes)
Event: 0.233 Thread 0x000000000b85e000 nmethod 20 0x00000000034ce2d0 code [0x00000000034ce420, 0x00000000034ce698]

GC Heap History (0 events):
No events

Deoptimization events (2 events):
Event: 0.102 Thread 0x000000000168d800 Uncommon trap: reason=unstable_if action=reinterpret pc=0x00000000034c0908 method=java.lang.String.hashCode()I @ 14
Event: 0.142 Thread 0x000000000168d800 Uncommon trap: reason=unstable_if action=reinterpret pc=0x00000000034c0114 method=java.lang.String.indexOf([CII[CIII)I @ 123

Internal exceptions (10 events):
Event: 0.239 Thread 0x000000000168d800 Threw 0x00000007d5a22360 at C:\re\jdk7u80\2329\hotspot\src\share\vm\prims\jvm.cpp:1319
Event: 0.239 Thread 0x000000000168d800 Threw 0x00000007d5a24820 at C:\re\jdk7u80\2329\hotspot\src\share\vm\prims\jvm.cpp:1319
Event: 0.239 Thread 0x000000000168d800 Threw 0x00000007d5a273e8 at C:\re\jdk7u80\2329\hotspot\src\share\vm\prims\jvm.cpp:1319
Event: 0.240 Thread 0x000000000168d800 Threw 0x00000007d5a2a418 at C:\re\jdk7u80\2329\hotspot\src\share\vm\prims\jvm.cpp:1319
Event: 0.240 Thread 0x000000000168d800 Threw 0x00000007d5a2ced0 at C:\re\jdk7u80\2329\hotspot\src\share\vm\prims\jvm.cpp:1319
Event: 0.241 Thread 0x000000000168d800 Threw 0x00000007d5a2fa60 at C:\re\jdk7u80\2329\hotspot\src\share\vm\prims\jvm.cpp:1319
Event: 0.241 Thread 0x000000000168d800 Threw 0x00000007d5a32600 at C:\re\jdk7u80\2329\hotspot\src\share\vm\prims\jvm.cpp:1319
Event: 0.242 Thread 0x000000000168d800 Threw 0x00000007d5a35da8 at C:\re\jdk7u80\2329\hotspot\src\share\vm\prims\jvm.cpp:1319
Event: 0.242 Thread 0x000000000168d800 Threw 0x00000007d5a39f68 at C:\re\jdk7u80\2329\hotspot\src\share\vm\prims\jvm.cpp:1319
Event: 0.243 Thread 0x000000000168d800 Threw 0x00000007d5a3e1c8 at C:\re\jdk7u80\2329\hotspot\src\share\vm\prims\jvm.cpp:1319

Events (10 events):
Event: 0.242 loading class 0x000000000d43fff0
Event: 0.242 loading class 0x000000000d43fff0 done
Event: 0.243 loading class 0x00000000033a7280
Event: 0.243 loading class 0x00000000033a7280 done
Event: 0.243 loading class 0x000000000d370d30
Event: 0.243 loading class 0x000000000d370d30 done
Event: 0.244 loading class 0x00000000033da9b0
Event: 0.244 loading class 0x00000000033da9b0 done
Event: 0.244 loading class 0x00000000033da980
Event: 0.244 loading class 0x00000000033da980 done


Dynamic libraries:
0x00007ff7acdc0000 - 0x00007ff7acdf3000 	C:\Program Files\Java\jdk1.7.0_80\bin\javaw.exe
0x00007ffe38bf0000 - 0x00007ffe38dc1000 	C:\Windows\SYSTEM32\ntdll.dll
0x00007ffe38b40000 - 0x00007ffe38beb000 	C:\Windows\System32\KERNEL32.DLL
0x00007ffe35350000 - 0x00007ffe3556d000 	C:\Windows\System32\KERNELBASE.dll
0x00007ffe367f0000 - 0x00007ffe36892000 	C:\Windows\System32\ADVAPI32.dll
0x00007ffe38750000 - 0x00007ffe387ee000 	C:\Windows\System32\msvcrt.dll
0x00007ffe36b30000 - 0x00007ffe36b89000 	C:\Windows\System32\sechost.dll
0x00007ffe369b0000 - 0x00007ffe36ad1000 	C:\Windows\System32\RPCRT4.dll
0x00007ffe365b0000 - 0x00007ffe36715000 	C:\Windows\System32\USER32.dll
0x00007ffe36160000 - 0x00007ffe3617e000 	C:\Windows\System32\win32u.dll
0x00007ffe38950000 - 0x00007ffe38984000 	C:\Windows\System32\GDI32.dll
0x00007ffe35690000 - 0x00007ffe35812000 	C:\Windows\System32\gdi32full.dll
0x00007ffe2f170000 - 0x00007ffe2f3e9000 	C:\Windows\WinSxS\amd64_microsoft.windows.common-controls_6595b64144ccf1df_6.0.14393.0_none_2d0f50fcbdb171b8\COMCTL32.dll
0x00007ffe382e0000 - 0x00007ffe385a7000 	C:\Windows\System32\combase.dll
0x00007ffe36060000 - 0x00007ffe36155000 	C:\Windows\System32\ucrtbase.dll
0x00007ffe35620000 - 0x00007ffe3568a000 	C:\Windows\System32\bcryptPrimitives.dll
0x00007ffe36ae0000 - 0x00007ffe36b0e000 	C:\Windows\System32\IMM32.DLL
0x0000000180000000 - 0x00000001800fd000 	C:\Program Files (x86)\MacType\MacType64.dll
0x0000000001100000 - 0x000000000119e000 	C:\Windows\SYSTEM32\EasyHK64.dll
0x00007ffe385b0000 - 0x00007ffe38602000 	C:\Windows\System32\SHLWAPI.dll
0x00007ffe34a50000 - 0x00007ffe34cb9000 	C:\Windows\SYSTEM32\DWrite.dll
0x00007ffe344f0000 - 0x00007ffe34a4f000 	C:\Windows\SYSTEM32\d2d1.dll
0x00007ffe35180000 - 0x00007ffe35348000 	C:\Windows\System32\CRYPT32.dll
0x00007ffe35170000 - 0x00007ffe35180000 	C:\Windows\System32\MSASN1.dll
0x00007ffe34cc0000 - 0x00007ffe34ccb000 	C:\Windows\SYSTEM32\CRYPTBASE.DLL
0x000000005dec0000 - 0x000000005df92000 	C:\Program Files\Java\jdk1.7.0_80\jre\bin\msvcr100.dll
0x000000005d6e0000 - 0x000000005deb9000 	C:\Program Files\Java\jdk1.7.0_80\jre\bin\server\jvm.dll
0x00007ffe36c00000 - 0x00007ffe36c08000 	C:\Windows\System32\PSAPI.DLL
0x00007ffe32870000 - 0x00007ffe32893000 	C:\Windows\SYSTEM32\WINMM.dll
0x00007ffe2de10000 - 0x00007ffe2de19000 	C:\Windows\SYSTEM32\WSOCK32.dll
0x00007ffe36b90000 - 0x00007ffe36bfa000 	C:\Windows\System32\WS2_32.dll
0x00007ffe32810000 - 0x00007ffe3283b000 	C:\Windows\SYSTEM32\WINMMBASE.dll
0x00007ffe36010000 - 0x00007ffe36052000 	C:\Windows\System32\cfgmgr32.dll
0x000000005d6d0000 - 0x000000005d6df000 	C:\Program Files\Java\jdk1.7.0_80\jre\bin\verify.dll
0x000000005d6a0000 - 0x000000005d6c8000 	C:\Program Files\Java\jdk1.7.0_80\jre\bin\java.dll
0x000000005d680000 - 0x000000005d696000 	C:\Program Files\Java\jdk1.7.0_80\jre\bin\zip.dll
0x000000005d660000 - 0x000000005d67a000 	C:\Program Files\Java\jdk1.7.0_80\jre\bin\net.dll
0x00007ffe34250000 - 0x00007ffe342ac000 	C:\Windows\system32\mswsock.dll
0x00007ffe2aed0000 - 0x00007ffe2b062000 	C:\Windows\SYSTEM32\dbghelp.dll

VM Arguments:
jvm_args: -ea -Dfile.encoding=UTF-8 
java_command: org.eclipse.jdt.internal.junit.runner.RemoteTestRunner -version 3 -port 3926 -testLoaderClass org.eclipse.jdt.internal.junit4.runner.JUnit4TestLoader -loaderpluginname org.eclipse.jdt.junit4.runtime -test com.jfireframework.mvc.NewBinderTest:test4
Launcher Type: SUN_STANDARD

Environment Variables:
PATH=C:/Program Files/Java/jdk1.8.0_101/bin/../jre/bin/server;C:/Program Files/Java/jdk1.8.0_101/bin/../jre/bin;C:/Program Files/Java/jdk1.8.0_101/bin/../jre/lib/amd64;C:\Windows\system32;C:\Windows;C:\Windows\System32\Wbem;C:\Windows\System32\WindowsPowerShell\v1.0\;C:\Program Files (x86)\MacType;C:\Users\ÁÖ±ó\AppData\Local\Microsoft\WindowsApps;;D:\eclipse;
USERNAME=ÁÖ±ó
OS=Windows_NT
PROCESSOR_IDENTIFIER=AMD64 Family 16 Model 4 Stepping 3, AuthenticAMD



---------------  S Y S T E M  ---------------

OS: Windows 8.1 , 64 bit Build 9600 

CPU:total 4 (4 cores per cpu, 1 threads per core) family 16 model 4 stepping 3, cmov, cx8, fxsr, mmx, sse, sse2, sse3, popcnt, mmxext, 3dnowpref, lzcnt, sse4a, tsc, tscinvbit, tscinv

Memory: 4k page, physical 8386676k(5293236k free), swap 9697396k(5577472k free)

vm_info: Java HotSpot(TM) 64-Bit Server VM (24.80-b11) for windows-amd64 JRE (1.7.0_80-b15), built on Apr 10 2015 11:26:34 by "java_re" with unknown MS VC++:1600

time: Sat Aug 27 12:19:30 2016
elapsed time: 0 seconds

