#
# A fatal error has been detected by the Java Runtime Environment:
#
#  EXCEPTION_ACCESS_VIOLATION (0xc0000005) at pc=0x00000000027cd3db, pid=2520, tid=3452
#
# JRE version: 6.0_43-b01
# Java VM: Java HotSpot(TM) 64-Bit Server VM (20.14-b01 mixed mode windows-amd64 compressed oops)
# Problematic frame:
# j  com.jfireframework.sql.util.enumhandler.EnumOrdinalHandler.setStatementValue(Ljava/sql/PreparedStatement;ILsun/misc/Unsafe;JLjava/lang/Object;)V+5
#
# If you would like to submit a bug report, please visit:
#   http://java.sun.com/webapps/bugreport/crash.jsp
#

---------------  T H R E A D  ---------------

Current thread (0x00000000026b2800):  JavaThread "main" [_thread_in_Java, id=3452, stack(0x0000000002170000,0x0000000002270000)]

siginfo: ExceptionCode=0xc0000005, reading address 0x000000038b79a808

Registers:
RAX=0x000000077b16b128, RBX=0x000000000000002e, RCX=0x000000077b9b91e0, RDX=0x000000038b79a800
RSP=0x000000000226e448, RBP=0x000000000226e488, RSI=0x0000000000000001, RDI=0x0000000000000000
R8 =0x000000000226e3d8, R9 =0x0000000000000007, R10=0x000000006dff8900, R11=0x000000000285ddf8
R12=0x0000000000000000, R13=0x000000077b9b9d60, R14=0x000000000226e4d0, R15=0x00000000026b2800
RIP=0x00000000027cd3db, EFLAGS=0x0000000000010246

Top of Stack: (sp=0x000000000226e448)
0x000000000226e448:   000000000226e448 000000077b9b9d5d
0x000000000226e458:   000000000226e4d0 000000077b9bb5e0
0x000000000226e468:   0000000000000000 000000077b9b9dd8
0x000000000226e478:   0000000000000000 000000000226e4a0
0x000000000226e488:   000000000226e518 00000000027b5ffc
0x000000000226e498:   0000000000000000 00000007d5be9c98
0x000000000226e4a8:   0000000000000007 00000000027b5ffc
0x000000000226e4b8:   00000007d7ac0d88 0000000000000007
0x000000000226e4c8:   00000007d5bebbe8 00000007d7df50a8
0x000000000226e4d8:   000000000226e4d8 000000077bae6284
0x000000000226e4e8:   000000000226e540 000000077bae6698
0x000000000226e4f8:   0000000000000000 000000077bae62c8
0x000000000226e508:   000000000226e4a0 000000000226e528
0x000000000226e518:   000000000226e588 00000000027b5ffc
0x000000000226e528:   0000000000000007 00000007d5be9c98
0x000000000226e538:   00000007d5bebbe8 00000007d7df4ff8 

Instructions: (pc=0x00000000027cd3db)
0x00000000027cd3bb:   00 00 00 00 00 4d 89 97 10 02 00 00 4c 8b 6d c8
0x00000000027cd3cb:   4c 8b 75 d0 c3 5a eb 08 48 8b d0 48 8b 44 d9 40
0x00000000027cd3db:   8b 5a 08 48 c1 e3 03 48 8b 4d e0 48 85 c9 0f 84
0x00000000027cd3eb:   8a 00 00 00 48 8b 79 10 48 3b fb 0f 85 0f 00 00 


Register to memory mapping:

RAX=0x000000077b16b128 is an oop
{instance class} 
 - klass: {other class}
RBX=0x000000000000002e is an unknown value
RCX=0x000000077b9b91e0 is an oop
{constant pool} 
 - klass: {other class}
 - cache: 0x000000077b9bb5e0
 -   1 :  : 'com/jfireframework/sql/util/enumhandler/EnumOrdinalHandler' {0x7b9b9f38}
 -   2 :  : 'com/jfireframework/sql/util/enumhandler/EnumOrdinalHandler'
 -   3 :  : 'com/jfireframework/sql/util/enumhandler/AbstractEnumHandler' {0x7b9b4910}
 -   4 :  : 'com/jfireframework/sql/util/enumhandler/AbstractEnumHandler'
 -   5 :  : 'map'
 -   6 :  : 'Ljava/util/Map;'
 -   7 :  : 'Signature'
 -   8 :  : 'Ljava/util/Map<Ljava/lang/Integer;Ljava/lang/Enum<*>;>;'
 -   9 :  : '<init>'
 -  10 :  : '(Ljava/lang/Class;)V'
 -  11 :  : '(Ljava/lang/Class<+Ljava/lang/Enum<*>;>;)V'
 -  12 :  : 'Code'
 -  13 :  : klass_index=3 name_and_type_index=14
 -  14 :  : name_index=9 signature_index=10
 -  15 :  : 'java/util/HashMap' {0x7aec0ca8}
 -  16 :  : 'java/util/HashMap'
 -  17 :  : klass_index=15 name_and_type_index=18
 -  18 :  : name_index=9 signature_index=19
 -  19 :  : '()V'
 -  20 :  : klass_index=1 name_and_type_index=21
 -  21 :  : name_index=5 signature_index=6
 -  22 :  : klass_index=23 name_and_type_index=25
 -  23 :  : 'com/jfireframework/baseutil/reflect/ReflectUtil' {0x7b8d51f8}
 -  24 :  : 'com/jfireframework/baseutil/reflect/ReflectUtil'
 -  25 :  : name_index=26 signature_index=27
 -  26 :  : 'getAllEnumInstances'
 -  27 :  : '(Ljava/lang/Class;)Ljava/util/Map;'
 -  28 :  : klass_index=29 name_and_type_index=31
 -  29 :  : 'java/util/Map' {0x7ae54328}
 -  30 :  : 'java/util/Map'
 -  31 :  : name_index=32 signature_index=33
 -  32 :  : 'values'
 -  33 :  : '()Ljava/util/Collection;'
 -  34 :  : klass_index=35 name_and_type_index=37
 -  35 :  : 'java/util/Collection' {0x7aee1a30}
 -  36 :  : 'java/util/Collection'
 -  37 :  : name_index=38 signature_index=39
 -  38 :  : 'iterator'
 -  39 :  : '()Ljava/util/Iterator;'
 -  40 :  : klass_index=41 name_and_type_index=43
 -  41 :  : 'java/util/Iterator' {0x7aefd8d8}
 -  42 :  : 'java/util/Iterator'
 -  43 :  : name_index=44 signature_index=45
 -  44 :  : 'next'
 -  45 :  : '()Ljava/lang/Object;'
 -  46 :  : 'java/lang/Enum' {0x7b16b128}
 -  47 :  : 'java/lang/Enum'
 -  48 :  : klass_index=46 name_and_type_index=49
 -  49 :  : name_index=50 signature_index=51
 -  50 :  : 'ordinal'
 -  51 :  : '()I'
 -  52 :  : klass_index=53 name_and_type_index=55
 -  53 :  : 'java/lang/Integer' {0x7aea2a58}
 -  54 :  : 'java/lang/Integer'
 -  55 :  : name_index=56 signature_index=57
 -  56 :  : 'valueOf'
 -  57 :  : '(I)Ljava/lang/Integer;'
 -  58 :  : klass_index=29 name_and_type_index=59
 -  59 :  : name_index=60 signature_index=61
 -  60 :  : 'put'
 -  61 :  : '(Ljava/lang/Object;Ljava/lang/Object;)Ljava/lang/Object;'
 -  62 :  : klass_index=41 name_and_type_index=63
 -  63 :  : name_index=64 signature_index=65
 -  64 :  : 'hasNext'
 -  65 :  : '()Z'
 -  66 :  : 'LineNumberTable'
 -  67 :  : 'LocalVariableTable'
 -  68 :  : 'this'
 -  69 :  : 'Lcom/jfireframework/sql/util/enumhandler/EnumOrdinalHandler;'
 -  70 :  : 'ckass'
 -  71 :  : 'Ljava/lang/Class;'
 -  72 :  : 'each'
 -  73 :  : 'Ljava/lang/Enum;'
 -  74 :  : 'LocalVariableTypeTable'
 -  75 :  : 'Ljava/lang/Class<+Ljava/lang/Enum<*>;>;'
 -  76 :  : 'Ljava/lang/Enum<*>;'
 -  77 :  : 'StackMapTable'
 -  78 :  : 'java/lang/Class'
 -  79 :  : 'java/lang/Class'
 -  80 :  : 'getValue'
 -  81 :  : '(Ljava/lang/Enum;)Ljava/lang/Integer;'
 -  82 :  : '(Ljava/lang/Enum<*>;)Ljava/lang/Integer;'
 -  83 :  : 'instance'
 -  84 :  : 'setEntityValue'
 -  85 :  : '(Lsun/misc/Unsafe;JLjava/lang/Object;Ljava/sql/ResultSet;Ljava/lang/String;)V'
 -  86 :  : 'Exceptions'
 -  87 :  : 'java/sql/SQLException'
 -  88 :  : 'java/sql/SQLException'
 -  89 :  : klass_index=90 name_and_type_index=92
 -  90 :  : 'java/sql/ResultSet'
 -  91 :  : 'java/sql/ResultSet'
 -  92 :  : name_index=93 signature_index=94
 -  93 :  : 'getInt'
 -  94 :  : '(Ljava/lang/String;)I'
 -  95 :  : klass_index=90 name_and_type_index=96
 -  96 :  : name_index=97 signature_index=65
 -  97 :  : 'wasNull'
 -  98 :  : klass_index=29 name_and_type_index=99
 -  99 :  : name_index=100 signature_index=101
 - 100 :  : 'get'
 - 101 :  : '(Ljava/lang/Object;)Ljava/lang/Object;'
 - 102 :  : klass_index=103 name_and_type_index=105
 - 103 :  : 'sun/misc/Unsafe' {0x7aed23b0}
 - 104 :  : 'sun/misc/Unsafe'
 - 105 :  : name_index=106 signature_index=107
 - 106 :  : 'putObject'
 - 107 :  : '(Ljava/lang/Object;JLjava/lang/Object;)V'
 - 108 :  : 'unsafe'
 - 109 :  : 'Lsun/misc/Unsafe;'
 - 110 :  : 'offfset'
 - 111 :  : 'J'
 - 112 :  : 'entity'
 - 113 :  : 'Ljava/lang/Object;'
 - 114 :  : 'resultSet'
 - 115 :  : 'Ljava/sql/ResultSet;'
 - 116 :  : 'dbColName'
 - 117 :  : 'Ljava/lang/String;'
 - 118 :  : 'value'
 - 119 :  : 'I'
 - 120 :  : 'setStatementValue'
 - 121 :  : '(Ljava/sql/PreparedStatement;ILsun/misc/Unsafe;JLjava/lang/Object;)V'
 - 122 :  : klass_index=103 name_and_type_index=123
 - 123 :  : name_index=124 signature_index=125
 - 124 :  : 'getObject'
 - 125 :  : '(Ljava/lang/Object;J)Ljava/lang/Object;'
 - 126 :  : klass_index=127 name_and_type_index=129
 - 127 :  : 'java/sql/PreparedStatement'
 - 128 :  : 'java/sql/PreparedStatement'
 - 129 :  : name_index=130 signature_index=131
 - 130 :  : 'setInt'
 - 131 :  : '(II)V'
 - 132 :  : 'statement'
 - 133 :  : 'Ljava/sql/PreparedStatement;'
 - 134 :  : 'index'
 - 135 :  : '(Ljava/lang/Enum;)Ljava/lang/Object;'
 - 136 :  : klass_index=1 name_and_type_index=137
 - 137 :  : name_index=80 signature_index=81
 - 138 :  : 'SourceFile'
 - 139 :  : 'EnumOrdinalHandler.java'
 - 140 :  : 'Lcom/jfireframework/sql/util/enumhandler/AbstractEnumHandler<Ljava/lang/Integer;>;'

RDX=0x000000038b79a800 is an unknown value
RSP=0x000000000226e448 is pointing into the stack for thread: 0x00000000026b2800
RBP=0x000000000226e488 is pointing into the stack for thread: 0x00000000026b2800
RSI=0x0000000000000001 is an unknown value
RDI=0x0000000000000000 is an unknown value
R8 =0x000000000226e3d8 is pointing into the stack for thread: 0x00000000026b2800
R9 =0x0000000000000007 is an unknown value
R10=0x000000006dff8900 is an unknown value
R11=0x000000000285dc50 [CodeBlob (0x000000000285dc50)]
Framesize: 14
R12=0x0000000000000000 is an unknown value
R13=0x000000077b9b9d60 is an oop
{constMethod} 
 - klass: {other class}
 - method:       0x000000077b9b9dd8 {method} 'setStatementValue' '(Ljava/sql/PreparedStatement;ILsun/misc/Unsafe;JLjava/lang/Object;)V' in 'com/jfireframework/sql/util/enumhandler/EnumOrdinalHandler'
 - exceptions:   0x000000077ae01ef8
 - stackmap data:       [B
bci_from(000000077B9B9D60) = 8; print_codes():
R14=0x000000000226e4d0 is pointing into the stack for thread: 0x00000000026b2800
R15=0x00000000026b2800 is a thread


Stack: [0x0000000002170000,0x0000000002270000],  sp=0x000000000226e448,  free space=1017k
Native frames: (J=compiled Java code, j=interpreted, Vv=VM code, C=native code)
j  com.jfireframework.sql.util.enumhandler.EnumOrdinalHandler.setStatementValue(Ljava/sql/PreparedStatement;ILsun/misc/Unsafe;JLjava/lang/Object;)V+5
j  com.jfireframework.sql.field.impl.EnumField.setStatementValue(Ljava/sql/PreparedStatement;Ljava/lang/Object;I)V+12
j  com.jfireframework.sql.function.impl.DAOBeanImpl.insert(Ljava/lang/Object;Ljava/sql/Connection;)V+52
j  com.jfireframework.sql.function.impl.DAOBeanImpl.save(Ljava/lang/Object;Ljava/sql/Connection;)V+52
j  com.jfireframework.sql.function.impl.SqlSessionImpl.save(Ljava/lang/Object;)V+18
j  com.jfireframework.sql.test.DaoTest.saveTest()V+57
v  ~StubRoutines::call_stub
V  [jvm.dll+0x1eac57]


---------------  P R O C E S S  ---------------

Java Threads: ( => current thread )
  0x0000000007611800 JavaThread "HikariCP connection filler (pool HikariPool-0)" daemon [_thread_in_native, id=1028, stack(0x00000000080e0000,0x00000000081e0000)]
  0x00000000074eb800 JavaThread "Hikari Housekeeping Timer (pool HikariPool-0)" daemon [_thread_blocked, id=4004, stack(0x0000000007fe0000,0x00000000080e0000)]
  0x0000000007537000 JavaThread "ReaderThread" [_thread_in_native, id=3880, stack(0x00000000076e0000,0x00000000077e0000)]
  0x00000000027a7000 JavaThread "Low Memory Detector" daemon [_thread_blocked, id=3304, stack(0x00000000070e0000,0x00000000071e0000)]
  0x0000000002798800 JavaThread "C2 CompilerThread1" daemon [_thread_blocked, id=3232, stack(0x0000000006fe0000,0x00000000070e0000)]
  0x0000000002792000 JavaThread "C2 CompilerThread0" daemon [_thread_blocked, id=1044, stack(0x0000000006ee0000,0x0000000006fe0000)]
  0x0000000002791000 JavaThread "Attach Listener" daemon [_thread_blocked, id=3948, stack(0x0000000006de0000,0x0000000006ee0000)]
  0x0000000002790000 JavaThread "Signal Dispatcher" daemon [_thread_blocked, id=4180, stack(0x0000000006ce0000,0x0000000006de0000)]
  0x0000000002774000 JavaThread "Finalizer" daemon [_thread_blocked, id=3800, stack(0x00000000069e0000,0x0000000006ae0000)]
  0x0000000002770000 JavaThread "Reference Handler" daemon [_thread_blocked, id=3244, stack(0x00000000068e0000,0x00000000069e0000)]
=>0x00000000026b2800 JavaThread "main" [_thread_in_Java, id=3452, stack(0x0000000002170000,0x0000000002270000)]

Other Threads:
  0x000000000276a800 VMThread [stack: 0x00000000067e0000,0x00000000068e0000] [id=2232]
  0x00000000027a7800 WatcherThread [stack: 0x00000000071e0000,0x00000000072e0000] [id=5828]

VM state:not at safepoint (normal execution)

VM Mutex/Monitor currently owned by a thread: None

Heap
 PSYoungGen      total 38208K, used 12611K [0x00000007d5560000, 0x00000007d8000000, 0x0000000800000000)
  eden space 32768K, 21% used [0x00000007d5560000,0x00000007d5c63f50,0x00000007d7560000)
  from space 5440K, 99% used [0x00000007d7ab0000,0x00000007d7ffcef0,0x00000007d8000000)
  to   space 5440K, 0% used [0x00000007d7560000,0x00000007d7560000,0x00000007d7ab0000)
 PSOldGen        total 87424K, used 308K [0x0000000780000000, 0x0000000785560000, 0x00000007d5560000)
  object space 87424K, 0% used [0x0000000780000000,0x000000078004d180,0x0000000785560000)
 PSPermGen       total 22784K, used 22759K [0x000000077ae00000, 0x000000077c440000, 0x0000000780000000)
  object space 22784K, 99% used [0x000000077ae00000,0x000000077c439da8,0x000000077c440000)

Code Cache  [0x00000000027b0000, 0x0000000002a20000, 0x00000000057b0000)
 total_blobs=606 nmethods=242 adapters=317 free_code_cache=49158656 largest_free_block=20288

Dynamic libraries:
0x0000000000400000 - 0x000000000042f000 	C:\Program Files\Java\jdk1.6.0_43\bin\javaw.exe
0x00007ffe5ba30000 - 0x00007ffe5bc01000 	C:\Windows\SYSTEM32\ntdll.dll
0x00007ffe594f0000 - 0x00007ffe5959b000 	C:\Windows\System32\KERNEL32.DLL
0x00007ffe58390000 - 0x00007ffe585ad000 	C:\Windows\System32\KERNELBASE.dll
0x00007ffe59700000 - 0x00007ffe597a2000 	C:\Windows\System32\ADVAPI32.dll
0x00007ffe595a0000 - 0x00007ffe5963e000 	C:\Windows\System32\msvcrt.dll
0x00007ffe59b90000 - 0x00007ffe59be9000 	C:\Windows\System32\sechost.dll
0x00007ffe599c0000 - 0x00007ffe59ae1000 	C:\Windows\System32\RPCRT4.dll
0x00007ffe59380000 - 0x00007ffe594e5000 	C:\Windows\System32\USER32.dll
0x00007ffe58370000 - 0x00007ffe5838e000 	C:\Windows\System32\win32u.dll
0x00007ffe59180000 - 0x00007ffe591b4000 	C:\Windows\System32\GDI32.dll
0x00007ffe57fc0000 - 0x00007ffe58142000 	C:\Windows\System32\gdi32full.dll
0x00007ffe59990000 - 0x00007ffe599be000 	C:\Windows\System32\IMM32.DLL
0x0000000180000000 - 0x0000000180103000 	C:\Program Files\MacType\MacType64.dll
0x00007ffe57a80000 - 0x00007ffe57ad7000 	C:\Windows\SYSTEM32\EasyHk64.dll
0x00007ffe57a30000 - 0x00007ffe57a3b000 	C:\Windows\SYSTEM32\CRYPTBASE.DLL
0x00007ffe58200000 - 0x00007ffe5826a000 	C:\Windows\System32\bcryptPrimitives.dll
0x00007ffe5b170000 - 0x00007ffe5b178000 	C:\Windows\System32\PSAPI.DLL
0x00007ffe5b8e0000 - 0x00007ffe5ba17000 	C:\Windows\System32\ole32.dll
0x00007ffe5b5b0000 - 0x00007ffe5b877000 	C:\Windows\System32\combase.dll
0x00007ffe58270000 - 0x00007ffe58365000 	C:\Windows\System32\ucrtbase.dll
0x00007ffe50fb0000 - 0x00007ffe5150f000 	C:\Windows\SYSTEM32\d2d1.dll
0x00007ffe58df0000 - 0x00007ffe58fb8000 	C:\Windows\System32\CRYPT32.dll
0x00007ffe57fa0000 - 0x00007ffe57fb0000 	C:\Windows\System32\MSASN1.dll
0x00007ffe4d230000 - 0x00007ffe4d499000 	C:\Windows\SYSTEM32\dwrite.dll
0x000000006d8c0000 - 0x000000006e07c000 	C:\Program Files\Java\jdk1.6.0_43\jre\bin\server\jvm.dll
0x00007ffe55df0000 - 0x00007ffe55e13000 	C:\Windows\SYSTEM32\WINMM.dll
0x00007ffe55d90000 - 0x00007ffe55dbb000 	C:\Windows\SYSTEM32\WINMMBASE.dll
0x00007ffe58150000 - 0x00007ffe58192000 	C:\Windows\System32\cfgmgr32.dll
0x000000006d830000 - 0x000000006d83e000 	C:\Program Files\Java\jdk1.6.0_43\jre\bin\verify.dll
0x000000006d450000 - 0x000000006d477000 	C:\Program Files\Java\jdk1.6.0_43\jre\bin\java.dll
0x000000006d880000 - 0x000000006d892000 	C:\Program Files\Java\jdk1.6.0_43\jre\bin\zip.dll
0x000000006d6b0000 - 0x000000006d6c7000 	C:\Program Files\Java\jdk1.6.0_43\jre\bin\net.dll
0x00007ffe598b0000 - 0x00007ffe5991a000 	C:\Windows\System32\WS2_32.dll
0x00007ffe573d0000 - 0x00007ffe5742c000 	C:\Windows\system32\mswsock.dll
0x000000006d5f0000 - 0x000000006d5fa000 	C:\Program Files\Java\jdk1.6.0_43\jre\bin\management.dll
0x00007ffe57750000 - 0x00007ffe577f0000 	C:\Windows\SYSTEM32\DNSAPI.dll
0x00007ffe5ba20000 - 0x00007ffe5ba28000 	C:\Windows\System32\NSI.dll
0x00007ffe57710000 - 0x00007ffe57748000 	C:\Windows\SYSTEM32\IPHLPAPI.DLL
0x00007ffe4bfb0000 - 0x00007ffe4bfba000 	C:\Windows\System32\rasadhlp.dll
0x00007ffe50980000 - 0x00007ffe509ea000 	C:\Windows\System32\fwpuclnt.dll
0x00007ffe57c00000 - 0x00007ffe57c2b000 	C:\Windows\SYSTEM32\bcrypt.dll
0x00007ffe46ef0000 - 0x00007ffe46f06000 	C:\Windows\system32\napinsp.dll
0x00007ffe46f10000 - 0x00007ffe46f2a000 	C:\Windows\system32\pnrpnsp.dll
0x00007ffe508a0000 - 0x00007ffe508b8000 	C:\Windows\system32\NLAapi.dll
0x00007ffe46f30000 - 0x00007ffe46f3e000 	C:\Windows\System32\winrnr.dll
0x00007ffe54d60000 - 0x00007ffe54d75000 	C:\Windows\System32\wshbth.dll
0x00007ffe508f0000 - 0x00007ffe50906000 	C:\Windows\SYSTEM32\dhcpcsvc6.DLL
0x00007ffe508c0000 - 0x00007ffe508da000 	C:\Windows\SYSTEM32\dhcpcsvc.DLL
0x000000006d6d0000 - 0x000000006d6dc000 	C:\Program Files\Java\jdk1.6.0_43\jre\bin\nio.dll

VM Arguments:
jvm_args: -ea -Dfile.encoding=UTF-8 
java_command: org.eclipse.jdt.internal.junit.runner.RemoteTestRunner -version 3 -port 56612 -testLoaderClass org.eclipse.jdt.internal.junit4.runner.JUnit4TestLoader -loaderpluginname org.eclipse.jdt.junit4.runtime -classNames com.jfireframework.sql.test.SuitTestSupprt
Launcher Type: SUN_STANDARD

Environment Variables:
PATH=C:/Program Files/Java/jdk1.8.0_101/bin/../jre/bin/server;C:/Program Files/Java/jdk1.8.0_101/bin/../jre/bin;C:/Program Files/Java/jdk1.8.0_101/bin/../jre/lib/amd64;C:\Windows\system32;C:\Windows;C:\Windows\System32\Wbem;C:\Windows\System32\WindowsPowerShell\v1.0\;C:\Program Files (x86)\NVIDIA Corporation\PhysX\Common;C:\Program Files\MacType;C:\Users\аж╠С\AppData\Local\Microsoft\WindowsApps;;D:\eclipse;
USERNAME=аж╠С
OS=Windows_NT
PROCESSOR_IDENTIFIER=AMD64 Family 16 Model 4 Stepping 3, AuthenticAMD



---------------  S Y S T E M  ---------------

OS: Windows 8 , 64 bit Build 9200 

CPU:total 4 (4 cores per cpu, 1 threads per core) family 16 model 4 stepping 3, cmov, cx8, fxsr, mmx, sse, sse2, sse3, popcnt, mmxext, 3dnowpref, lzcnt, sse4a

Memory: 4k page, physical 8386676k(3824460k free), swap 8386676k(3415532k free)

vm_info: Java HotSpot(TM) 64-Bit Server VM (20.14-b01) for windows-amd64 JRE (1.6.0_43-b01), built on Mar  1 2013 01:52:33 by "java_re" with MS VC++ 8.0 (VS2005)

time: Mon Oct 10 23:08:48 2016
elapsed time: 2 seconds

